This is pdfTeX, Version 3.14159265-2.6-1.40.20 (TeX Live 2019/Debian) (preloaded format=pdflatex 2019.10.24)  11 APR 2020 17:32
entering extended mode
 restricted \write18 enabled.
 %&-line parsing enabled.
**assignment1.tex
(./assignment1.tex
LaTeX2e <2018-12-01>
(/home/daniel/texmf/tex/latex/exercisesheet.cls
Document Class: exercisesheet 2020/03/20 Template for solving exercise sheets f
or university
(/usr/share/texlive/texmf-dist/tex/latex/base/article.cls
Document Class: article 2018/09/03 v1.4i Standard LaTeX document class
(/usr/share/texlive/texmf-dist/tex/latex/base/size10.clo
File: size10.clo 2018/09/03 v1.4i Standard LaTeX file (size option)
)
\c@part=\count80
\c@section=\count81
\c@subsection=\count82
\c@subsubsection=\count83
\c@paragraph=\count84
\c@subparagraph=\count85
\c@figure=\count86
\c@table=\count87
\abovecaptionskip=\skip41
\belowcaptionskip=\skip42
\bibindent=\dimen102
)
(/usr/share/texlive/texmf-dist/tex/generic/babel/babel.sty
Package: babel 2019/06/03 3.32 The Babel package

(/usr/share/texlive/texmf-dist/tex/generic/babel/switch.def
File: switch.def 2019/06/03 3.32 Babel switching mechanism
)
(/usr/share/texlive/texmf-dist/tex/generic/babel-english/english.ldf
Language: english 2017/06/06 v3.3r English support from the babel system

(/usr/share/texlive/texmf-dist/tex/generic/babel/babel.def
File: babel.def 2019/06/03 3.32 Babel common definitions
\babel@savecnt=\count88
\U@D=\dimen103

(/usr/share/texlive/texmf-dist/tex/generic/babel/txtbabel.def)
\bbl@dirlevel=\count89
)
\l@british = a dialect from \language\l@english 
\l@UKenglish = a dialect from \language\l@english 
\l@canadian = a dialect from \language\l@american 
\l@australian = a dialect from \language\l@british 
\l@newzealand = a dialect from \language\l@british 
))
(/usr/share/texlive/texmf-dist/tex/latex/geometry/geometry.sty
Package: geometry 2018/04/16 v5.8 Page Geometry

(/usr/share/texlive/texmf-dist/tex/latex/graphics/keyval.sty
Package: keyval 2014/10/28 v1.15 key=value parser (DPC)
\KV@toks@=\toks14
)
(/usr/share/texlive/texmf-dist/tex/generic/oberdiek/ifpdf.sty
Package: ifpdf 2018/09/07 v3.3 Provides the ifpdf switch
)
(/usr/share/texlive/texmf-dist/tex/generic/oberdiek/ifvtex.sty
Package: ifvtex 2016/05/16 v1.6 Detect VTeX and its facilities (HO)
Package ifvtex Info: VTeX not detected.
)
(/usr/share/texlive/texmf-dist/tex/generic/ifxetex/ifxetex.sty
Package: ifxetex 2010/09/12 v0.6 Provides ifxetex conditional
)
\Gm@cnth=\count90
\Gm@cntv=\count91
\c@Gm@tempcnt=\count92
\Gm@bindingoffset=\dimen104
\Gm@wd@mp=\dimen105
\Gm@odd@mp=\dimen106
\Gm@even@mp=\dimen107
\Gm@layoutwidth=\dimen108
\Gm@layoutheight=\dimen109
\Gm@layouthoffset=\dimen110
\Gm@layoutvoffset=\dimen111
\Gm@dimlist=\toks15
)
\c@exercise=\count93
)
(/home/daniel/texmf/tex/latex/mymath.sty
(/usr/share/texlive/texmf-dist/tex/latex/amsmath/amsmath.sty
Package: amsmath 2018/12/01 v2.17b AMS math features
\@mathmargin=\skip43

For additional information on amsmath, use the `?' option.
(/usr/share/texlive/texmf-dist/tex/latex/amsmath/amstext.sty
Package: amstext 2000/06/29 v2.01 AMS text

(/usr/share/texlive/texmf-dist/tex/latex/amsmath/amsgen.sty
File: amsgen.sty 1999/11/30 v2.0 generic functions
\@emptytoks=\toks16
\ex@=\dimen112
))
(/usr/share/texlive/texmf-dist/tex/latex/amsmath/amsbsy.sty
Package: amsbsy 1999/11/29 v1.2d Bold Symbols
\pmbraise@=\dimen113
)
(/usr/share/texlive/texmf-dist/tex/latex/amsmath/amsopn.sty
Package: amsopn 2016/03/08 v2.02 operator names
)
\inf@bad=\count94
LaTeX Info: Redefining \frac on input line 223.
\uproot@=\count95
\leftroot@=\count96
LaTeX Info: Redefining \overline on input line 385.
\classnum@=\count97
\DOTSCASE@=\count98
LaTeX Info: Redefining \ldots on input line 482.
LaTeX Info: Redefining \dots on input line 485.
LaTeX Info: Redefining \cdots on input line 606.
\Mathstrutbox@=\box27
\strutbox@=\box28
\big@size=\dimen114
LaTeX Font Info:    Redeclaring font encoding OML on input line 729.
LaTeX Font Info:    Redeclaring font encoding OMS on input line 730.
\macc@depth=\count99
\c@MaxMatrixCols=\count100
\dotsspace@=\muskip10
\c@parentequation=\count101
\dspbrk@lvl=\count102
\tag@help=\toks17
\row@=\count103
\column@=\count104
\maxfields@=\count105
\andhelp@=\toks18
\eqnshift@=\dimen115
\alignsep@=\dimen116
\tagshift@=\dimen117
\tagwidth@=\dimen118
\totwidth@=\dimen119
\lineht@=\dimen120
\@envbody=\toks19
\multlinegap=\skip44
\multlinetaggap=\skip45
\mathdisplay@stack=\toks20
LaTeX Info: Redefining \[ on input line 2844.
LaTeX Info: Redefining \] on input line 2845.
)
(/usr/share/texlive/texmf-dist/tex/latex/amsfonts/amssymb.sty
Package: amssymb 2013/01/14 v3.01 AMS font symbols

(/usr/share/texlive/texmf-dist/tex/latex/amsfonts/amsfonts.sty
Package: amsfonts 2013/01/14 v3.01 Basic AMSFonts support
\symAMSa=\mathgroup4
\symAMSb=\mathgroup5
LaTeX Font Info:    Overwriting math alphabet `\mathfrak' in version `bold'
(Font)                  U/euf/m/n --> U/euf/b/n on input line 106.
))
(/usr/share/texlive/texmf-dist/tex/latex/amscls/amsthm.sty
Package: amsthm 2017/10/31 v2.20.4
\thm@style=\toks21
\thm@bodyfont=\toks22
\thm@headfont=\toks23
\thm@notefont=\toks24
\thm@headpunct=\toks25
\thm@preskip=\skip46
\thm@postskip=\skip47
\thm@headsep=\skip48
\dth@everypar=\toks26
)
\c@theorem=\count106
\c@manualtheoreminner=\count107
)
(/usr/share/texlive/texmf-dist/tex/latex/breqn/breqn.sty
(/usr/share/texlive/texmf-dist/tex/latex/l3kernel/expl3.sty
Package: expl3 2019-07-01 L3 programming layer (loader) 

(/usr/share/texlive/texmf-dist/tex/latex/l3kernel/expl3-code.tex
Package: expl3 2019-07-01 L3 programming layer (code)
\c_max_int=\count108
\l_tmpa_int=\count109
\l_tmpb_int=\count110
\g_tmpa_int=\count111
\g_tmpb_int=\count112
\g__kernel_prg_map_int=\count113
\c__ior_term_ior=\count114
\c_log_iow=\count115
\l_iow_line_count_int=\count116
\l__iow_line_target_int=\count117
\l__iow_one_indent_int=\count118
\l__iow_indent_int=\count119
\c_zero_dim=\dimen121
\c_max_dim=\dimen122
\l_tmpa_dim=\dimen123
\l_tmpb_dim=\dimen124
\g_tmpa_dim=\dimen125
\g_tmpb_dim=\dimen126
\c_zero_skip=\skip49
\c_max_skip=\skip50
\l_tmpa_skip=\skip51
\l_tmpb_skip=\skip52
\g_tmpa_skip=\skip53
\g_tmpb_skip=\skip54
\c_zero_muskip=\muskip11
\c_max_muskip=\muskip12
\l_tmpa_muskip=\muskip13
\l_tmpb_muskip=\muskip14
\g_tmpa_muskip=\muskip15
\g_tmpb_muskip=\muskip16
\l_keys_choice_int=\count120
\l__intarray_loop_int=\count121
\c__intarray_sp_dim=\dimen127
\g__intarray_font_int=\count122
\c__fp_leading_shift_int=\count123
\c__fp_middle_shift_int=\count124
\c__fp_trailing_shift_int=\count125
\c__fp_big_leading_shift_int=\count126
\c__fp_big_middle_shift_int=\count127
\c__fp_big_trailing_shift_int=\count128
\c__fp_Bigg_leading_shift_int=\count129
\c__fp_Bigg_middle_shift_int=\count130
\c__fp_Bigg_trailing_shift_int=\count131
\c__kernel_randint_max_int=\count132
\g__fp_array_int=\count133
\l__fp_array_loop_int=\count134
\l__sort_length_int=\count135
\l__sort_min_int=\count136
\l__sort_top_int=\count137
\l__sort_max_int=\count138
\l__sort_true_max_int=\count139
\l__sort_block_int=\count140
\l__sort_begin_int=\count141
\l__sort_end_int=\count142
\l__sort_A_int=\count143
\l__sort_B_int=\count144
\l__sort_C_int=\count145
\l__str_internal_int=\count146
\c__str_replacement_char_int=\count147
\l__tl_analysis_normal_int=\count148
\l__tl_analysis_index_int=\count149
\l__tl_analysis_nesting_int=\count150
\l__tl_analysis_type_int=\count151
\l__regex_internal_a_int=\count152
\l__regex_internal_b_int=\count153
\l__regex_internal_c_int=\count154
\l__regex_balance_int=\count155
\l__regex_group_level_int=\count156
\l__regex_mode_int=\count157
\c__regex_cs_in_class_mode_int=\count158
\c__regex_cs_mode_int=\count159
\l__regex_catcodes_int=\count160
\l__regex_default_catcodes_int=\count161
\c__regex_catcode_D_int=\count162
\c__regex_catcode_S_int=\count163
\c__regex_catcode_L_int=\count164
\c__regex_catcode_O_int=\count165
\c__regex_catcode_A_int=\count166
\c__regex_all_catcodes_int=\count167
\l__regex_show_lines_int=\count168
\l__regex_min_state_int=\count169
\l__regex_max_state_int=\count170
\l__regex_left_state_int=\count171
\l__regex_right_state_int=\count172
\l__regex_capturing_group_int=\count173
\l__regex_min_pos_int=\count174
\l__regex_max_pos_int=\count175
\l__regex_curr_pos_int=\count176
\l__regex_start_pos_int=\count177
\l__regex_success_pos_int=\count178
\l__regex_curr_char_int=\count179
\l__regex_curr_catcode_int=\count180
\l__regex_last_char_int=\count181
\l__regex_case_changed_char_int=\count182
\l__regex_curr_state_int=\count183
\l__regex_step_int=\count184
\l__regex_min_active_int=\count185
\l__regex_max_active_int=\count186
\l__regex_replacement_csnames_int=\count187
\l__regex_match_count_int=\count188
\l__regex_min_submatch_int=\count189
\l__regex_submatch_int=\count190
\l__regex_zeroth_submatch_int=\count191
\g__regex_trace_regex_int=\count192
\c_empty_box=\box29
\l_tmpa_box=\box30
\l_tmpb_box=\box31
\g_tmpa_box=\box32
\g_tmpb_box=\box33
\l__box_top_dim=\dimen128
\l__box_bottom_dim=\dimen129
\l__box_left_dim=\dimen130
\l__box_right_dim=\dimen131
\l__box_top_new_dim=\dimen132
\l__box_bottom_new_dim=\dimen133
\l__box_left_new_dim=\dimen134
\l__box_right_new_dim=\dimen135
\l__box_internal_box=\box34
\l__coffin_internal_box=\box35
\l__coffin_internal_dim=\dimen136
\l__coffin_offset_x_dim=\dimen137
\l__coffin_offset_y_dim=\dimen138
\l__coffin_x_dim=\dimen139
\l__coffin_y_dim=\dimen140
\l__coffin_x_prime_dim=\dimen141
\l__coffin_y_prime_dim=\dimen142
\c_empty_coffin=\box36
\l__coffin_aligned_coffin=\box37
\l__coffin_aligned_internal_coffin=\box38
\l_tmpa_coffin=\box39
\l_tmpb_coffin=\box40
\g_tmpa_coffin=\box41
\g_tmpb_coffin=\box42
\l__coffin_bounding_shift_dim=\dimen143
\l__coffin_left_corner_dim=\dimen144
\l__coffin_right_corner_dim=\dimen145
\l__coffin_bottom_corner_dim=\dimen146
\l__coffin_top_corner_dim=\dimen147
\l__coffin_scaled_total_height_dim=\dimen148
\l__coffin_scaled_width_dim=\dimen149
\c__coffin_empty_coffin=\box43
\l__coffin_display_coffin=\box44
\l__coffin_display_coord_coffin=\box45
\l__coffin_display_pole_coffin=\box46
\l__coffin_display_offset_dim=\dimen150
\l__coffin_display_x_dim=\dimen151
\l__coffin_display_y_dim=\dimen152
\g__file_internal_ior=\read1
\l__seq_internal_a_int=\count193
\l__seq_internal_b_int=\count194
\c__deprecation_minus_one=\count195
)
(/usr/share/texlive/texmf-dist/tex/latex/l3backend/l3backend-pdfmode.def
File: l3backend-pdfmode.def 2019-04-06 v L3 Experimental backend support: PDF m
ode
\l__kernel_color_stack_int=\count196
\l__pdf_internal_box=\box47
))
Package: breqn 2018/09/14 v0.98f Breaking equations

(/usr/share/texlive/texmf-dist/tex/latex/breqn/flexisym.sty
Package: flexisym 2017/01/27 v0.98e Make math characters macros
LaTeX Info: Redefining \textprime on input line 300.
LaTeX Info: Redefining \not on input line 358.

(/usr/share/texlive/texmf-dist/tex/latex/breqn/cmbase.sym
File: cmbase.sym 2007/12/19 v0.92
LaTeX Info: Redefining \hbar on input line 325.
LaTeX Info: Redefining \surd on input line 327.
LaTeX Info: Redefining \angle on input line 335.
LaTeX Info: Redefining \neq on input line 336.
LaTeX Info: Redefining \mapsto on input line 337.
LaTeX Info: Redefining \cong on input line 338.
LaTeX Info: Redefining \notin on input line 341.
LaTeX Info: Redefining \rightleftharpoons on input line 342.
LaTeX Info: Redefining \doteq on input line 343.
LaTeX Info: Redefining \hookrightarrow on input line 344.
LaTeX Info: Redefining \hookleftarrow on input line 345.
LaTeX Info: Redefining \bowtie on input line 346.
LaTeX Info: Redefining \models on input line 347.
LaTeX Info: Redefining \Longrightarrow on input line 348.
LaTeX Info: Redefining \longrightarrow on input line 349.
LaTeX Info: Redefining \Longleftarrow on input line 350.
LaTeX Info: Redefining \longleftarrow on input line 351.
LaTeX Info: Redefining \longmapsto on input line 352.
LaTeX Info: Redefining \longleftrightarrow on input line 353.
LaTeX Info: Redefining \Longleftrightarrow on input line 354.
LaTeX Info: Redefining \cdots on input line 358.
LaTeX Info: Redefining \vdots on input line 361.
LaTeX Info: Redefining \ddots on input line 366.
)
(/usr/share/texlive/texmf-dist/tex/latex/breqn/mathstyle.sty
Package: mathstyle 2017/01/27 0.98e Tracking mathstyle implicitly
LaTeX Info: Redefining \displaystyle on input line 93.
LaTeX Info: Redefining \textstyle on input line 95.
LaTeX Info: Redefining \scriptstyle on input line 97.
LaTeX Info: Redefining \scriptscriptstyle on input line 99.
LaTeX Info: Redefining \genfrac on input line 145.
))
(/usr/share/texlive/texmf-dist/tex/latex/tools/calc.sty
Package: calc 2017/05/25 v4.3 Infix arithmetic (KKT,FJ)
\calc@Acount=\count197
\calc@Bcount=\count198
\calc@Adimen=\dimen153
\calc@Bdimen=\dimen154
\calc@Askip=\skip55
\calc@Bskip=\skip56
LaTeX Info: Redefining \setlength on input line 80.
LaTeX Info: Redefining \addtolength on input line 81.
\calc@Ccount=\count199
\calc@Cskip=\skip57
)
\inf@bad=\count266
\maxint=\count267
\listwidth=\dimen155
\eqnumsep=\dimen156
\eqmargin=\dimen157
\eqlinespacing=\skip58
\eqlineskip=\skip59
\eqlineskiplimit=\dimen158
\eqbinoffset=\muskip17
\eqdelimoffset=\muskip18
\eqindentstep=\dimen159
\eqstyle=\toks27
\eqbreakdepth=\count268
\eqinterlinepenalty=\count269
\intereqpenalty=\count270
\intereqskip=\skip60
\prerelpenalty=\count271
\prebinoppenalty=\count272
\Dmedmuskip=\muskip19
\Dthickmuskip=\muskip20
\eqleftskip=\skip61
\eqrightskip=\skip62
\eq@vspan=\skip63
\eq@binoffset=\muskip21
\EQ@box=\box48
\EQ@copy=\box49
\EQ@numbox=\box50
\eq@wdNum=\dimen160
\GRP@numbox=\box51
\grp@wdNum=\dimen161
\eq@lines=\count273
\eq@curline=\count274
\eq@badness=\count275
\EQ@vims=\count276
\eq@dp=\dimen162
\eq@wdL=\dimen163
\eq@wdT=\dimen164
\eq@wdMin=\dimen165
\grp@wdL=\dimen166
\grp@wdR=\dimen167
\grp@wdT=\dimen168
\eq@wdRmax=\dimen169
\eq@firstht=\dimen170
\eq@wdCond=\dimen171
\eq@indentstep=\dimen172
\eq@linewidth=\dimen173
\grp@linewidth=\dimen174
\eq@hshift=\dimen175
\eq@given@sidespace=\dimen176
\mathindent=\dimen177
\eq@final@linecount=\count277
\eq@wdR=\dimen178
\EQ@continue=\toks28
\lr@level=\count278
\GRP@queue=\toks29
\GRP@box=\box52
\GRP@wholebox=\box53
\darraycolsep=\skip64
\cur@row=\count279
\cur@col=\count280
\conditionsep=\skip65
)
(/usr/share/texlive/texmf-dist/tex/latex/graphics/graphicx.sty
Package: graphicx 2017/06/01 v1.1a Enhanced LaTeX Graphics (DPC,SPQR)

(/usr/share/texlive/texmf-dist/tex/latex/graphics/graphics.sty
Package: graphics 2017/06/25 v1.2c Standard LaTeX Graphics (DPC,SPQR)

(/usr/share/texlive/texmf-dist/tex/latex/graphics/trig.sty
Package: trig 2016/01/03 v1.10 sin cos tan (DPC)
)
(/usr/share/texlive/texmf-dist/tex/latex/graphics-cfg/graphics.cfg
File: graphics.cfg 2016/06/04 v1.11 sample graphics configuration
)
Package graphics Info: Driver file: pdftex.def on input line 99.

(/usr/share/texlive/texmf-dist/tex/latex/graphics-def/pdftex.def
File: pdftex.def 2018/01/08 v1.0l Graphics/color driver for pdftex
))
\Gin@req@height=\dimen179
\Gin@req@width=\dimen180
)
(./assignment1.aux)
\openout1 = `assignment1.aux'.

LaTeX Font Info:    Checking defaults for OML/cmm/m/it on input line 13.
LaTeX Font Info:    ... okay on input line 13.
LaTeX Font Info:    Checking defaults for T1/cmr/m/n on input line 13.
LaTeX Font Info:    ... okay on input line 13.
LaTeX Font Info:    Checking defaults for OT1/cmr/m/n on input line 13.
LaTeX Font Info:    ... okay on input line 13.
LaTeX Font Info:    Checking defaults for OMS/cmsy/m/n on input line 13.
LaTeX Font Info:    ... okay on input line 13.
LaTeX Font Info:    Checking defaults for OMX/cmex/m/n on input line 13.
LaTeX Font Info:    ... okay on input line 13.
LaTeX Font Info:    Checking defaults for U/cmr/m/n on input line 13.
LaTeX Font Info:    ... okay on input line 13.

*geometry* driver: auto-detecting
*geometry* detected driver: pdftex
*geometry* verbose mode - [ preamble ] result:
* driver: pdftex
* paper: <default>
* layout: <same size as paper>
* layoutoffset:(h,v)=(0.0pt,0.0pt)
* bindingoffset: 14.22636pt
* modes: 
* h-part:(L,W,R)=(71.13188pt, 486.25763pt, 42.67912pt)
* v-part:(T,H,B)=(56.9055pt, 652.70622pt, 85.35826pt)
* \paperwidth=614.295pt
* \paperheight=794.96999pt
* \textwidth=486.25763pt
* \textheight=652.70622pt
* \oddsidemargin=13.08826pt
* \evensidemargin=-1.1381pt
* \topmargin=-52.36449pt
* \headheight=12.0pt
* \headsep=25.0pt
* \topskip=10.0pt
* \footskip=30.0pt
* \marginparwidth=65.0pt
* \marginparsep=11.0pt
* \columnsep=10.0pt
* \skip\footins=9.0pt plus 4.0pt minus 2.0pt
* \hoffset=0.0pt
* \voffset=0.0pt
* \mag=1000
* \@twocolumnfalse
* \@twosidefalse
* \@mparswitchfalse
* \@reversemarginfalse
* (1in=72.27pt=25.4mm, 1cm=28.453pt)

(/usr/share/texlive/texmf-dist/tex/context/base/mkii/supp-pdf.mkii
[Loading MPS to PDF converter (version 2006.09.02).]
\scratchcounter=\count281
\scratchdimen=\dimen181
\scratchbox=\box54
\nofMPsegments=\count282
\nofMParguments=\count283
\everyMPshowfont=\toks30
\MPscratchCnt=\count284
\MPscratchDim=\dimen182
\MPnumerator=\count285
\makeMPintoPDFobject=\count286
\everyMPtoPDFconversion=\toks31
) (/usr/share/texlive/texmf-dist/tex/latex/oberdiek/epstopdf-base.sty
Package: epstopdf-base 2016/05/15 v2.6 Base part for package epstopdf

(/usr/share/texlive/texmf-dist/tex/generic/oberdiek/infwarerr.sty
Package: infwarerr 2016/05/16 v1.4 Providing info/warning/error messages (HO)
)
(/usr/share/texlive/texmf-dist/tex/latex/oberdiek/grfext.sty
Package: grfext 2016/05/16 v1.2 Manage graphics extensions (HO)

(/usr/share/texlive/texmf-dist/tex/generic/oberdiek/kvdefinekeys.sty
Package: kvdefinekeys 2016/05/16 v1.4 Define keys (HO)

(/usr/share/texlive/texmf-dist/tex/generic/oberdiek/ltxcmds.sty
Package: ltxcmds 2016/05/16 v1.23 LaTeX kernel commands for general use (HO)
)))
(/usr/share/texlive/texmf-dist/tex/latex/oberdiek/kvoptions.sty
Package: kvoptions 2016/05/16 v3.12 Key value format for package options (HO)

(/usr/share/texlive/texmf-dist/tex/generic/oberdiek/kvsetkeys.sty
Package: kvsetkeys 2016/05/16 v1.17 Key value parser (HO)

(/usr/share/texlive/texmf-dist/tex/generic/oberdiek/etexcmds.sty
Package: etexcmds 2016/05/16 v1.6 Avoid name clashes with e-TeX commands (HO)

(/usr/share/texlive/texmf-dist/tex/generic/oberdiek/ifluatex.sty
Package: ifluatex 2016/05/16 v1.4 Provides the ifluatex switch (HO)
Package ifluatex Info: LuaTeX not detected.
))))
(/usr/share/texlive/texmf-dist/tex/generic/oberdiek/pdftexcmds.sty
Package: pdftexcmds 2018/09/10 v0.29 Utility functions of pdfTeX for LuaTeX (HO
)
Package pdftexcmds Info: LuaTeX not detected.
Package pdftexcmds Info: \pdf@primitive is available.
Package pdftexcmds Info: \pdf@ifprimitive is available.
Package pdftexcmds Info: \pdfdraftmode found.
)
Package epstopdf-base Info: Redefining graphics rule for `.eps' on input line 4
38.
Package grfext Info: Graphics extension search list:
(grfext)             [.pdf,.png,.jpg,.mps,.jpeg,.jbig2,.jb2,.PDF,.PNG,.JPG,.JPE
G,.JBIG2,.JB2,.eps]
(grfext)             \AppendGraphicsExtensions on input line 456.

(/usr/share/texlive/texmf-dist/tex/latex/latexconfig/epstopdf-sys.cfg
File: epstopdf-sys.cfg 2010/07/13 v1.3 Configuration of (r)epstopdf for TeX Liv
e
))
LaTeX Font Info:    Try loading font information for U+msa on input line 14.

(/usr/share/texlive/texmf-dist/tex/latex/amsfonts/umsa.fd
File: umsa.fd 2013/01/14 v3.01 AMS symbols A
)
LaTeX Font Info:    Try loading font information for U+msb on input line 14.

(/usr/share/texlive/texmf-dist/tex/latex/amsfonts/umsb.fd
File: umsb.fd 2013/01/14 v3.01 AMS symbols B
) [1

{/var/lib/texmf/fonts/map/pdftex/updmap/pdftex.map}]
Overfull \hbox (26.47067pt too wide) detected at line 97
\OT1/cmr/m/n/10 = \OMS/cmsy/m/n/10 ^^@[] []\OT1/cmr/m/n/10 (1 \OMS/cmsy/m/n/10 
^^@ \OML/cmm/m/it/10 []\OT1/cmr/m/n/10 ) \OMS/cmsy/m/n/10 ^^@ [] []
 []

<images/plot-1-0-side.pdf, id=21, 433.62pt x 289.08pt>
File: images/plot-1-0-side.pdf Graphic file (type pdf)
<use images/plot-1-0-side.pdf>
Package pdftex.def Info: images/plot-1-0-side.pdf  used on input line 108.
(pdftex.def)             Requested size: 243.12881pt x 162.0866pt.
<images/plot-1-0-top.pdf, id=22, 433.62pt x 289.08pt>
File: images/plot-1-0-top.pdf Graphic file (type pdf)
<use images/plot-1-0-top.pdf>
Package pdftex.def Info: images/plot-1-0-top.pdf  used on input line 108.
(pdftex.def)             Requested size: 243.12881pt x 162.0866pt.
<images/plot-1-5-side.pdf, id=23, 433.62pt x 289.08pt>
File: images/plot-1-5-side.pdf Graphic file (type pdf)
<use images/plot-1-5-side.pdf>
Package pdftex.def Info: images/plot-1-5-side.pdf  used on input line 109.
(pdftex.def)             Requested size: 243.12881pt x 162.0866pt.
<images/plot-1-5-top.pdf, id=24, 433.62pt x 289.08pt>
File: images/plot-1-5-top.pdf Graphic file (type pdf)
<use images/plot-1-5-top.pdf>
Package pdftex.def Info: images/plot-1-5-top.pdf  used on input line 109.
(pdftex.def)             Requested size: 243.12881pt x 162.0866pt.
<images/plot-1-9-side.pdf, id=25, 433.62pt x 289.08pt>
File: images/plot-1-9-side.pdf Graphic file (type pdf)
<use images/plot-1-9-side.pdf>
Package pdftex.def Info: images/plot-1-9-side.pdf  used on input line 110.
(pdftex.def)             Requested size: 243.12881pt x 162.0866pt.
<images/plot-1-9-top.pdf, id=26, 433.62pt x 289.08pt>
File: images/plot-1-9-top.pdf Graphic file (type pdf)
<use images/plot-1-9-top.pdf>
Package pdftex.def Info: images/plot-1-9-top.pdf  used on input line 110.
(pdftex.def)             Requested size: 243.12881pt x 162.0866pt.

Overfull \hbox (2.22221pt too wide) in paragraph at lines 108--111
[][] [] 
 []


Overfull \hbox (2.22221pt too wide) in paragraph at lines 108--111
[] [] 
 []


Overfull \hbox (2.22221pt too wide) in paragraph at lines 108--111
[] [] 
 []

<images/plot-5-0-side.pdf, id=27, 433.62pt x 289.08pt>
File: images/plot-5-0-side.pdf Graphic file (type pdf)
<use images/plot-5-0-side.pdf>
Package pdftex.def Info: images/plot-5-0-side.pdf  used on input line 114.
(pdftex.def)             Requested size: 243.12881pt x 162.0866pt.
<images/plot-5-0-top.pdf, id=28, 433.62pt x 289.08pt>
File: images/plot-5-0-top.pdf Graphic file (type pdf)
<use images/plot-5-0-top.pdf>
Package pdftex.def Info: images/plot-5-0-top.pdf  used on input line 114.
(pdftex.def)             Requested size: 243.12881pt x 162.0866pt.
<images/plot-5-5-side.pdf, id=29, 433.62pt x 289.08pt>
File: images/plot-5-5-side.pdf Graphic file (type pdf)
<use images/plot-5-5-side.pdf>
Package pdftex.def Info: images/plot-5-5-side.pdf  used on input line 115.
(pdftex.def)             Requested size: 243.12881pt x 162.0866pt.
<images/plot-5-5-top.pdf, id=30, 433.62pt x 289.08pt>
File: images/plot-5-5-top.pdf Graphic file (type pdf)
<use images/plot-5-5-top.pdf>
Package pdftex.def Info: images/plot-5-5-top.pdf  used on input line 115.
(pdftex.def)             Requested size: 243.12881pt x 162.0866pt.
<images/plot-5-9-side.pdf, id=31, 433.62pt x 289.08pt>
File: images/plot-5-9-side.pdf Graphic file (type pdf)
<use images/plot-5-9-side.pdf>
Package pdftex.def Info: images/plot-5-9-side.pdf  used on input line 116.
(pdftex.def)             Requested size: 243.12881pt x 162.0866pt.
<images/plot-5-9-top.pdf, id=32, 433.62pt x 289.08pt>
File: images/plot-5-9-top.pdf Graphic file (type pdf)
<use images/plot-5-9-top.pdf>
Package pdftex.def Info: images/plot-5-9-top.pdf  used on input line 116.
(pdftex.def)             Requested size: 243.12881pt x 162.0866pt.

Overfull \hbox (2.22221pt too wide) in paragraph at lines 114--117
[][] [] 
 []


Overfull \hbox (2.22221pt too wide) in paragraph at lines 114--117
[] [] 
 []


Overfull \hbox (2.22221pt too wide) in paragraph at lines 114--117
[] [] 
 []

File: images/plot-5-0-side.pdf Graphic file (type pdf)
<use images/plot-5-0-side.pdf>
Package pdftex.def Info: images/plot-5-0-side.pdf  used on input line 120.
(pdftex.def)             Requested size: 243.12881pt x 162.0866pt.
File: images/plot-5-0-top.pdf Graphic file (type pdf)
<use images/plot-5-0-top.pdf>
Package pdftex.def Info: images/plot-5-0-top.pdf  used on input line 120.
(pdftex.def)             Requested size: 243.12881pt x 162.0866pt.
File: images/plot-5-5-side.pdf Graphic file (type pdf)
<use images/plot-5-5-side.pdf>
Package pdftex.def Info: images/plot-5-5-side.pdf  used on input line 121.
(pdftex.def)             Requested size: 243.12881pt x 162.0866pt.
File: images/plot-5-5-top.pdf Graphic file (type pdf)
<use images/plot-5-5-top.pdf>
Package pdftex.def Info: images/plot-5-5-top.pdf  used on input line 121.
(pdftex.def)             Requested size: 243.12881pt x 162.0866pt.
File: images/plot-5-9-side.pdf Graphic file (type pdf)
<use images/plot-5-9-side.pdf>
Package pdftex.def Info: images/plot-5-9-side.pdf  used on input line 122.
(pdftex.def)             Requested size: 243.12881pt x 162.0866pt.
File: images/plot-5-9-top.pdf Graphic file (type pdf)
<use images/plot-5-9-top.pdf>
Package pdftex.def Info: images/plot-5-9-top.pdf  used on input line 122.
(pdftex.def)             Requested size: 243.12881pt x 162.0866pt.

Overfull \hbox (2.22221pt too wide) in paragraph at lines 120--123
[][] [] 
 []


Overfull \hbox (2.22221pt too wide) in paragraph at lines 120--123
[] [] 
 []


Overfull \hbox (2.22221pt too wide) in paragraph at lines 120--123
[] [] 
 []

<images/plot-x-1.pdf, id=33, 433.62pt x 289.08pt>
File: images/plot-x-1.pdf Graphic file (type pdf)
<use images/plot-x-1.pdf>
Package pdftex.def Info: images/plot-x-1.pdf  used on input line 127.
(pdftex.def)             Requested size: 145.87877pt x 97.25372pt.
<images/plot-x-5.pdf, id=34, 433.62pt x 289.08pt>
File: images/plot-x-5.pdf Graphic file (type pdf)
<use images/plot-x-5.pdf>
Package pdftex.def Info: images/plot-x-5.pdf  used on input line 128.
(pdftex.def)             Requested size: 145.87877pt x 97.25372pt.
<images/plot-x-10.pdf, id=35, 433.62pt x 289.08pt>
File: images/plot-x-10.pdf Graphic file (type pdf)
<use images/plot-x-10.pdf>
Package pdftex.def Info: images/plot-x-10.pdf  used on input line 129.
(pdftex.def)             Requested size: 145.87877pt x 97.25372pt.
[2] [3 <./images/plot-1-0-side.pdf> <./images/plot-1-0-top.pdf

pdfTeX warning: /usr/bin/pdflatex (file ./images/plot-1-0-top.pdf): PDF inclusi
on: multiple pdfs with page group included in a single page
> <./images/plot-1-5-side.pdf

pdfTeX warning: /usr/bin/pdflatex (file ./images/plot-1-5-side.pdf): PDF inclus
ion: multiple pdfs with page group included in a single page
> <./images/plot-1-5-top.pdf

pdfTeX warning: /usr/bin/pdflatex (file ./images/plot-1-5-top.pdf): PDF inclusi
on: multiple pdfs with page group included in a single page
> <./images/plot-1-9-side.pdf

pdfTeX warning: /usr/bin/pdflatex (file ./images/plot-1-9-side.pdf): PDF inclus
ion: multiple pdfs with page group included in a single page
> <./images/plot-1-9-top.pdf

pdfTeX warning: /usr/bin/pdflatex (file ./images/plot-1-9-top.pdf): PDF inclusi
on: multiple pdfs with page group included in a single page
>] [4 <./images/plot-5-0-side.pdf> <./images/plot-5-0-top.pdf

pdfTeX warning: /usr/bin/pdflatex (file ./images/plot-5-0-top.pdf): PDF inclusi
on: multiple pdfs with page group included in a single page
> <./images/plot-5-5-side.pdf

pdfTeX warning: /usr/bin/pdflatex (file ./images/plot-5-5-side.pdf): PDF inclus
ion: multiple pdfs with page group included in a single page
> <./images/plot-5-5-top.pdf

pdfTeX warning: /usr/bin/pdflatex (file ./images/plot-5-5-top.pdf): PDF inclusi
on: multiple pdfs with page group included in a single page
> <./images/plot-5-9-side.pdf

pdfTeX warning: /usr/bin/pdflatex (file ./images/plot-5-9-side.pdf): PDF inclus
ion: multiple pdfs with page group included in a single page
> <./images/plot-5-9-top.pdf

pdfTeX warning: /usr/bin/pdflatex (file ./images/plot-5-9-top.pdf): PDF inclusi
on: multiple pdfs with page group included in a single page
>] [5 <./images/plot-x-1.pdf> <./images/plot-x-5.pdf

pdfTeX warning: /usr/bin/pdflatex (file ./images/plot-x-5.pdf): PDF inclusion: 
multiple pdfs with page group included in a single page
> <./images/plot-x-10.pdf

pdfTeX warning: /usr/bin/pdflatex (file ./images/plot-x-10.pdf): PDF inclusion:
 multiple pdfs with page group included in a single page
>]
Underfull \hbox (badness 10000) in paragraph at lines 154--156

 []

<images/samples-10.pdf, id=457, 1300.86pt x 1300.86pt>
File: images/samples-10.pdf Graphic file (type pdf)
<use images/samples-10.pdf>
Package pdftex.def Info: images/samples-10.pdf  used on input line 175.
(pdftex.def)             Requested size: 486.25763pt x 486.2532pt.
<images/empirical_risk-10.pdf, id=458, 722.7pt x 722.7pt>
File: images/empirical_risk-10.pdf Graphic file (type pdf)
<use images/empirical_risk-10.pdf>
Package pdftex.def Info: images/empirical_risk-10.pdf  used on input line 180.
(pdftex.def)             Requested size: 194.50008pt x 194.492pt.
<images/empirical_risk-100.pdf, id=459, 722.7pt x 722.7pt>
File: images/empirical_risk-100.pdf Graphic file (type pdf)
<use images/empirical_risk-100.pdf>
Package pdftex.def Info: images/empirical_risk-100.pdf  used on input line 181.

(pdftex.def)             Requested size: 194.50008pt x 194.492pt.
<images/true_risk-10.pdf, id=460, 722.7pt x 722.7pt>
File: images/true_risk-10.pdf Graphic file (type pdf)
<use images/true_risk-10.pdf>
Package pdftex.def Info: images/true_risk-10.pdf  used on input line 186.
(pdftex.def)             Requested size: 194.50008pt x 194.492pt.
<images/true_risk-100.pdf, id=461, 722.7pt x 722.7pt>
File: images/true_risk-100.pdf Graphic file (type pdf)
<use images/true_risk-100.pdf>
Package pdftex.def Info: images/true_risk-100.pdf  used on input line 187.
(pdftex.def)             Requested size: 194.50008pt x 194.492pt.
<images/samples-100.pdf, id=462, 1300.86pt x 1300.86pt>
File: images/samples-100.pdf Graphic file (type pdf)
<use images/samples-100.pdf>
Package pdftex.def Info: images/samples-100.pdf  used on input line 192.
(pdftex.def)             Requested size: 486.25763pt x 486.2532pt.
[6] [7 <./images/samples-10.pdf>] [8 <./images/empirical_risk-10.pdf> <./images
/empirical_risk-100.pdf

pdfTeX warning: /usr/bin/pdflatex (file ./images/empirical_risk-100.pdf): PDF i
nclusion: multiple pdfs with page group included in a single page
> <./images/true_risk-10.pdf

pdfTeX warning: /usr/bin/pdflatex (file ./images/true_risk-10.pdf): PDF inclusi
on: multiple pdfs with page group included in a single page
> <./images/true_risk-100.pdf

pdfTeX warning: /usr/bin/pdflatex (file ./images/true_risk-100.pdf): PDF inclus
ion: multiple pdfs with page group included in a single page
>] [9 <./images/samples-100.pdf>] [10]
<images/originals.pdf, id=694, 202.356pt x 202.356pt>
File: images/originals.pdf Graphic file (type pdf)
<use images/originals.pdf>
Package pdftex.def Info: images/originals.pdf  used on input line 238.
(pdftex.def)             Requested size: 243.12881pt x 243.14091pt.
<images/noisy-25.pdf, id=695, 202.356pt x 202.356pt>
File: images/noisy-25.pdf Graphic file (type pdf)
<use images/noisy-25.pdf>
Package pdftex.def Info: images/noisy-25.pdf  used on input line 245.
(pdftex.def)             Requested size: 145.87877pt x 145.88455pt.
<images/denoised-25-mean.pdf, id=696, 202.356pt x 202.356pt>
File: images/denoised-25-mean.pdf Graphic file (type pdf)
<use images/denoised-25-mean.pdf>
Package pdftex.def Info: images/denoised-25-mean.pdf  used on input line 246.
(pdftex.def)             Requested size: 145.87877pt x 145.88455pt.
<images/denoised-25-map.pdf, id=697, 202.356pt x 202.356pt>
File: images/denoised-25-map.pdf Graphic file (type pdf)
<use images/denoised-25-map.pdf>
Package pdftex.def Info: images/denoised-25-map.pdf  used on input line 247.
(pdftex.def)             Requested size: 145.87877pt x 145.88455pt.
<images/noisy-50.pdf, id=698, 202.356pt x 202.356pt>
File: images/noisy-50.pdf Graphic file (type pdf)
<use images/noisy-50.pdf>
Package pdftex.def Info: images/noisy-50.pdf  used on input line 253.
(pdftex.def)             Requested size: 145.87877pt x 145.88455pt.
<images/denoised-50-mean.pdf, id=699, 202.356pt x 202.356pt>
File: images/denoised-50-mean.pdf Graphic file (type pdf)
<use images/denoised-50-mean.pdf>
Package pdftex.def Info: images/denoised-50-mean.pdf  used on input line 254.
(pdftex.def)             Requested size: 145.87877pt x 145.88455pt.
<images/denoised-50-map.pdf, id=700, 202.356pt x 202.356pt>
File: images/denoised-50-map.pdf Graphic file (type pdf)
<use images/denoised-50-map.pdf>
Package pdftex.def Info: images/denoised-50-map.pdf  used on input line 255.
(pdftex.def)             Requested size: 145.87877pt x 145.88455pt.
<images/noisy-100.pdf, id=701, 202.356pt x 202.356pt>
File: images/noisy-100.pdf Graphic file (type pdf)
<use images/noisy-100.pdf>
Package pdftex.def Info: images/noisy-100.pdf  used on input line 261.
(pdftex.def)             Requested size: 145.87877pt x 145.88455pt.
<images/denoised-100-mean.pdf, id=702, 202.356pt x 202.356pt>
File: images/denoised-100-mean.pdf Graphic file (type pdf)
<use images/denoised-100-mean.pdf>
Package pdftex.def Info: images/denoised-100-mean.pdf  used on input line 262.
(pdftex.def)             Requested size: 145.87877pt x 145.88455pt.
<images/denoised-100-map.pdf, id=703, 202.356pt x 202.356pt>
File: images/denoised-100-map.pdf Graphic file (type pdf)
<use images/denoised-100-map.pdf>
Package pdftex.def Info: images/denoised-100-map.pdf  used on input line 263.
(pdftex.def)             Requested size: 145.87877pt x 145.88455pt.
 [11] [12 <./images/originals.pdf> <./images/noisy-25.pdf

pdfTeX warning: /usr/bin/pdflatex (file ./images/noisy-25.pdf): PDF inclusion: 
multiple pdfs with page group included in a single page
> <./images/denoised-25-mean.pdf

pdfTeX warning: /usr/bin/pdflatex (file ./images/denoised-25-mean.pdf): PDF inc
lusion: multiple pdfs with page group included in a single page
> <./images/denoised-25-map.pdf

pdfTeX warning: /usr/bin/pdflatex (file ./images/denoised-25-map.pdf): PDF incl
usion: multiple pdfs with page group included in a single page
> <./images/noisy-50.pdf

pdfTeX warning: /usr/bin/pdflatex (file ./images/noisy-50.pdf): PDF inclusion: 
multiple pdfs with page group included in a single page
> <./images/denoised-50-mean.pdf

pdfTeX warning: /usr/bin/pdflatex (file ./images/denoised-50-mean.pdf): PDF inc
lusion: multiple pdfs with page group included in a single page
> <./images/denoised-50-map.pdf

pdfTeX warning: /usr/bin/pdflatex (file ./images/denoised-50-map.pdf): PDF incl
usion: multiple pdfs with page group included in a single page
>] [13 <./images/noisy-100.pdf> <./images/denoised-100-mean.pdf

pdfTeX warning: /usr/bin/pdflatex (file ./images/denoised-100-mean.pdf): PDF in
clusion: multiple pdfs with page group included in a single page
> <./images/denoised-100-map.pdf

pdfTeX warning: /usr/bin/pdflatex (file ./images/denoised-100-map.pdf): PDF inc
lusion: multiple pdfs with page group included in a single page
>] (./assignment1.aux) ) 
Here is how much of TeX's memory you used:
 14081 strings out of 494427
 250052 string characters out of 6173385
 295905 words of memory out of 5000000
 17645 multiletter control sequences out of 15000+600000
 539942 words of font info for 54 fonts, out of 8000000 for 9000
 59 hyphenation exceptions out of 8191
 41i,17n,63p,1170b,317s stack positions out of 5000i,500n,10000p,200000b,80000s
</usr/share/texlive/texmf-dist/fonts/type1/public/amsfo
nts/cm/cmbx10.pfb></usr/share/texlive/texmf-dist/fonts/type1/public/amsfonts/cm
/cmbx12.pfb></usr/share/texlive/texmf-dist/fonts/type1/public/amsfonts/cm/cmex1
0.pfb></usr/share/texlive/texmf-dist/fonts/type1/public/amsfonts/cm/cmmi10.pfb>
</usr/share/texlive/texmf-dist/fonts/type1/public/amsfonts/cm/cmmi5.pfb></usr/s
hare/texlive/texmf-dist/fonts/type1/public/amsfonts/cm/cmmi7.pfb></usr/share/te
xlive/texmf-dist/fonts/type1/public/amsfonts/cm/cmr10.pfb></usr/share/texlive/t
exmf-dist/fonts/type1/public/amsfonts/cm/cmr12.pfb></usr/share/texlive/texmf-di
st/fonts/type1/public/amsfonts/cm/cmr17.pfb></usr/share/texlive/texmf-dist/font
s/type1/public/amsfonts/cm/cmr5.pfb></usr/share/texlive/texmf-dist/fonts/type1/
public/amsfonts/cm/cmr7.pfb></usr/share/texlive/texmf-dist/fonts/type1/public/a
msfonts/cm/cmsy10.pfb></usr/share/texlive/texmf-dist/fonts/type1/public/amsfont
s/cm/cmsy7.pfb></usr/share/texlive/texmf-dist/fonts/type1/public/amsfonts/cm/cm
ti10.pfb></usr/share/texlive/texmf-dist/fonts/type1/public/amsfonts/symbols/msb
m10.pfb></usr/share/texlive/texmf-dist/fonts/type1/public/amsfonts/symbols/msbm
7.pfb>
Output written on assignment1.pdf (13 pages, 2819700 bytes).
PDF statistics:
 798 PDF objects out of 1000 (max. 8388607)
 224 compressed objects within 3 object streams
 0 named destinations out of 1000 (max. 500000)
 156 words of extra memory for PDF output out of 10000 (max. 10000000)

